<?xml version="1.0" encoding="UTF-8"?>
<testsuite xmlns:xsi="http://www.w3.org/2001/XMLSchema-instance" xsi:noNamespaceSchemaLocation="https://maven.apache.org/surefire/maven-surefire-plugin/xsd/surefire-test-report.xsd" version="3.0.2" name="com.projet.ratingflight.RatingFlightApplicationTests" time="6.332" tests="1" errors="0" skipped="0" failures="0">
  <properties>
[...]
</properties>
  <testcase name="contextLoads" classname="com.projet.ratingflight.RatingFlightApplicationTests" time="0.023">
    <system-out><![CDATA[02:11:06.425 [main] INFO org.springframework.test.context.support.AnnotationConfigContextLoaderUtils -- Could not detect default configuration classes for test class [com.projet.ratingflight.RatingFlightApplicationTests]: RatingFlightApplicationTests does not declare any static, non-private, non-final, nested classes annotated with @Configuration.
02:11:06.647 [main] INFO org.springframework.boot.test.context.SpringBootTestContextBootstrapper -- Found @SpringBootConfiguration com.projet.ratingflight.RatingFlightApplication for test class com.projet.ratingflight.RatingFlightApplicationTests
02:11:06.926 [main] INFO org.springframework.boot.devtools.restart.RestartApplicationListener -- Restart disabled due to context in which it is running

  .   ____          _            __ _ _
 /\\ / ___'_ __ _ _(_)_ __  __ _ \ \ \ \
( ( )\___ | '_ | '_| | '_ \/ _` | \ \ \ \
 \\/  ___)| |_)| | | | | || (_| |  ) ) ) )
  '  |____| .__|_| |_|_| |_\__, | / / / /
 =========|_|==============|___/=/_/_/_/

 :: Spring Boot ::                (v3.5.3)

2025-07-10T02:11:07.373+02:00  INFO 12604 --- [           main] c.p.r.RatingFlightApplicationTests       : Starting RatingFlightApplicationTests using Java 21.0.7 with PID 12604 (started by emmanuel in C:\Users\emmanuel\OneDrive\Documents\rating flight\rating-flight)
2025-07-10T02:11:07.375+02:00  INFO 12604 --- [           main] c.p.r.RatingFlightApplicationTests       : No active profile set, falling back to 1 default profile: "default"
2025-07-10T02:11:08.437+02:00  INFO 12604 --- [           main] .s.d.r.c.RepositoryConfigurationDelegate : Bootstrapping Spring Data JPA repositories in DEFAULT mode.
2025-07-10T02:11:08.548+02:00  INFO 12604 --- [           main] .s.d.r.c.RepositoryConfigurationDelegate : Finished Spring Data repository scanning in 95 ms. Found 2 JPA repository interfaces.
2025-07-10T02:11:09.286+02:00  INFO 12604 --- [           main] o.hibernate.jpa.internal.util.LogHelper  : HHH000204: Processing PersistenceUnitInfo [name: default]
2025-07-10T02:11:09.357+02:00  INFO 12604 --- [           main] org.hibernate.Version                    : HHH000412: Hibernate ORM core version 6.6.18.Final
2025-07-10T02:11:09.407+02:00  INFO 12604 --- [           main] o.h.c.internal.RegionFactoryInitiator    : HHH000026: Second-level cache disabled
2025-07-10T02:11:09.551+02:00  INFO 12604 --- [           main] o.s.o.j.p.SpringPersistenceUnitInfo      : No LoadTimeWeaver setup: ignoring JPA class transformer
2025-07-10T02:11:09.591+02:00  INFO 12604 --- [           main] com.zaxxer.hikari.HikariDataSource       : HikariPool-1 - Starting...
2025-07-10T02:11:09.808+02:00  INFO 12604 --- [           main] com.zaxxer.hikari.pool.HikariPool        : HikariPool-1 - Added connection conn0: url=jdbc:h2:mem:RateDB user=SA
2025-07-10T02:11:09.811+02:00  INFO 12604 --- [           main] com.zaxxer.hikari.HikariDataSource       : HikariPool-1 - Start completed.
2025-07-10T02:11:09.837+02:00  WARN 12604 --- [           main] org.hibernate.orm.deprecation            : HHH90000025: H2Dialect does not need to be specified explicitly using 'hibernate.dialect' (remove the property setting and it will be selected by default)
2025-07-10T02:11:09.862+02:00  INFO 12604 --- [           main] org.hibernate.orm.connections.pooling    : HHH10001005: Database info:
	Database JDBC URL [Connecting through datasource 'HikariDataSource (HikariPool-1)']
	Database driver: undefined/unknown
	Database version: 2.3.232
	Autocommit mode: undefined/unknown
	Isolation level: undefined/unknown
	Minimum pool size: undefined/unknown
	Maximum pool size: undefined/unknown
2025-07-10T02:11:10.817+02:00  INFO 12604 --- [           main] o.h.e.t.j.p.i.JtaPlatformInitiator       : HHH000489: No JTA platform available (set 'hibernate.transaction.jta.platform' to enable JTA platform integration)
Hibernate: 
    create table rate_response (
        id bigint generated by default as identity,
        response varchar(500) not null,
        response_at timestamp(6) not null,
        rate_id bigint not null,
        primary key (id)
    )
Hibernate: 
    create table rates (
        id bigint generated by default as identity,
        comment varchar(500),
        company varchar(100),
        flight_date date,
        flight_number varchar(100),
        rating integer not null,
        status enum ('PENDING','PROCESSED','PUBLISHED','REJECTED') not null,
        submitted_at timestamp(6),
        primary key (id)
    )
Hibernate: 
    alter table if exists rate_response 
       add constraint FK14guk6vwwpytdl1rnn3xpajqn 
       foreign key (rate_id) 
       references rates
2025-07-10T02:11:10.898+02:00  INFO 12604 --- [           main] j.LocalContainerEntityManagerFactoryBean : Initialized JPA EntityManagerFactory for persistence unit 'default'
2025-07-10T02:11:11.488+02:00  WARN 12604 --- [           main] JpaBaseConfiguration$JpaWebConfiguration : spring.jpa.open-in-view is enabled by default. Therefore, database queries may be performed during view rendering. Explicitly configure spring.jpa.open-in-view to disable this warning
2025-07-10T02:11:12.302+02:00  INFO 12604 --- [           main] o.s.b.a.h2.H2ConsoleAutoConfiguration    : H2 console available at '/h2-console'. Database available at 'jdbc:h2:mem:RateDB'
2025-07-10T02:11:12.422+02:00  INFO 12604 --- [           main] c.p.r.RatingFlightApplicationTests       : Started RatingFlightApplicationTests in 5.519 seconds (process running for 8.611)
]]></system-out>
  </testcase>
</testsuite>